#
# A fatal error has been detected by the Java Runtime Environment:
#
#  EXCEPTION_ACCESS_VIOLATION (0xc0000005) at pc=0x00000249e4ccb178, pid=17044, tid=19544
#
# JRE version: OpenJDK Runtime Environment Temurin-17.0.6+10 (17.0.6+10) (build 17.0.6+10)
# Java VM: OpenJDK 64-Bit Server VM Temurin-17.0.6+10 (17.0.6+10, mixed mode, emulated-client, tiered, compressed oops, compressed class ptrs, g1 gc, windows-amd64)
# Problematic frame:
# j  javax.servlet.http.HttpServletRequestWrapper._getHttpServletRequest()Ljavax/servlet/http/HttpServletRequest;+1
#
# No core dump will be written. Minidumps are not enabled by default on client versions of Windows
#
# If you would like to submit a bug report, please visit:
#   https://github.com/adoptium/adoptium-support/issues
#

---------------  S U M M A R Y ------------

Command Line: -Dcom.sun.management.jmxremote -Dcom.sun.management.jmxremote.port=55116 -Dcom.sun.management.jmxremote.authenticate=false -Dcom.sun.management.jmxremote.ssl=false -Djava.rmi.server.hostname=localhost -Dspring.jmx.enabled=true -Dmanagement.endpoints.jmx.exposure.include=* -Dspring.application.admin.enabled=true -XX:TieredStopAtLevel=1 -Dspring.boot.project.name=documentweb -Dfile.encoding=UTF-8 -XX:+ShowCodeDetailsInExceptionMessages -agentpath:C:\Program Files\SentinelOne\Sentinel Agent 22.3.4.612\SentinelJava64.dll com.liladhar.document.DocumentwebApplication --spring.output.ansi.enabled=always

Host: Intel(R) Core(TM) i5-8265U CPU @ 1.60GHz, 8 cores, 15G,  Windows 11 , 64 bit Build 22621 (10.0.22621.1635)
Time: Thu May 18 15:36:36 2023 India Standard Time elapsed time: 118.009239 seconds (0d 0h 1m 58s)

---------------  T H R E A D  ---------------

Current thread (0x00000249f980d090):  JavaThread "http-nio-9090-exec-2" daemon [_thread_in_Java, id=19544, stack(0x0000008273300000,0x0000008273400000)]

Stack: [0x0000008273300000,0x0000008273400000],  sp=0x00000082733fba78,  free space=1006k
Native frames: (J=compiled Java code, j=interpreted, Vv=VM code, C=native code)
C  0x00000249e4ccb178


siginfo: EXCEPTION_ACCESS_VIOLATION (0xc0000005), reading address 0x0000000000300040


Register to memory mapping:

RIP=0x00000249e4ccb178 is at code_begin+248 in an Interpreter codelet
checkcast  192 checkcast  [0x00000249e4ccb080, 0x00000249e4ccb200]  384 bytes
RAX=0x00000008004109a0 is a pointer to class: 
javax.servlet.http.HttpServletRequest {0x00000008004109a8}
 - instance size:     2
 - klass size:        63
 - access:            public interface abstract 
 - state:             fully_initialized
 - name:              'javax/servlet/http/HttpServletRequest'
 - super:             'java/lang/Object'
 - sub:               
 - nof implementors:  2
 - arrays:            NULL
 - methods:           Array<T>(0x00000249f7fa87f0)
 - method ordering:   Array<T>(0x00000249f4400018)
 - default_methods:   Array<T>(0x0000000000000000)
 - local interfaces:  Array<T>(0x00000249f7fa5290)
 - trans. interfaces: Array<T>(0x00000249f7fa5290)
 - constants:         constant pool [245] {0x00000249f7fa8008} for 'javax/servlet/http/HttpServletRequest' cache=0x00000249fa89ebc0
 - class loader data:  loader data: 0x00000249f41d0930 for instance a 'jdk/internal/loader/ClassLoaders$AppClassLoader'{0x0000000702051228}
 - source file:       'HttpServletRequest.java'
 - class annotations:       Array<T>(0x0000000000000000)
 - class type annotations:  Array<T>(0x0000000000000000)
 - field annotations:       Array<T>(0x0000000000000000)
 - field type annotations:  Array<T>(0x0000000000000000)
 - inner classes:     Array<T>(0x00000249f7fa67e8)
 - nest members:     Array<T>(0x00000249f4400028)
 - permitted subclasses:     Array<T>(0x00000249f4400028)
 - java mirror:       a 'java/lang/Class'{0x0000000702c25ba0} = 'javax/servlet/http/HttpServletRequest'
 - vtable length      5  (start addr: 0x0000000800410b68)
 - itable length      0 (start addr: 0x0000000800410b90)
 - ---- static fields (2 words):
 - public static final 'BASIC_AUTH' 'Ljava/lang/String;' @112 
 - public static final 'FORM_AUTH' 'Ljava/lang/String;' @116 
 - public static final 'CLIENT_CERT_AUTH' 'Ljava/lang/String;' @120 
 - public static final 'DIGEST_AUTH' 'Ljava/lang/String;' @124 
 - ---- non-static fields (0 words):
 - non-static oop maps: 
RBX=0x0 is NULL
RCX=0x00000249fac064c0 is pointing into metadata
RDX=0x0000000000300038 is an unknown value
RSP=0x00000082733fba78 is pointing into the stack for thread: 0x00000249f980d090
RBP=0x00000082733fbac0 is pointing into the stack for thread: 0x00000249f980d090
RSI=0x00000082733fbf70 is pointing into the stack for thread: 0x00000249f980d090
RDI=0x00000249f980d090 is a thread
R8 =0x0000000000000006 is an unknown value
R9 =0x0000000000000006 is an unknown value
R10=0x00007ffeef460820 jvm.dll
R11={method} {0x00000249fac07b00} 'login' '(Ljava/lang/String;Ljava/lang/String;)V' in 'javax/servlet/http/HttpServletRequestWrapper'
R12=0x0 is NULL
R13=0x00000249fac0672c is pointing into metadata
R14=0x00000082733fbad0 is pointing into the stack for thread: 0x00000249f980d090
R15=0x00000249f980d090 is a thread


Registers:
RAX=0x00000008004109a0, RBX=0x0000000000000000, RCX=0x00000249fac064c0, RDX=0x0000000000300038
RSP=0x00000082733fba78, RBP=0x00000082733fbac0, RSI=0x00000082733fbf70, RDI=0x00000249f980d090
R8 =0x0000000000000006, R9 =0x0000000000000006, R10=0x00007ffeef460820, R11=0x00000249fac07af8
R12=0x0000000000000000, R13=0x00000249fac0672c, R14=0x00000082733fbad0, R15=0x00000249f980d090
RIP=0x00000249e4ccb178, EFLAGS=0x0000000000010246

Top of Stack: (sp=0x00000082733fba78)
0x00000082733fba78:   00000082733fba78 00000249fac06729
0x00000082733fba88:   00000082733fbad0 00000249fac08658
0x00000082733fba98:   0000000000000000 0000000705ef5198
0x00000082733fbaa8:   00000249fac06748 0000000000000000
0x00000082733fbab8:   00000082733fbad0 00000082733fbb20
0x00000082733fbac8:   00000249e4cb952f 00000249deb502b0
0x00000082733fbad8:   00000082733fbad8 00000249fac07ab9
0x00000082733fbae8:   00000082733fbb40 00000249fac08658
0x00000082733fbaf8:   0000000000000000 0000000705ef5198
0x00000082733fbb08:   00000249fac07af8 00000082733fbad0
0x00000082733fbb18:   00000082733fbb30 00000082733fbd10
0x00000082733fbb28:   00000249e4cb1010 0000000706000588
0x00000082733fbb38:   0000000000000000 00000249deb502b0
0x00000082733fbb48:   0000000000000040 00000249deb50d20
0x00000082733fbb58:   0000000000000000 0000000000000000
0x00000082733fbb68:   000000000000002b 0000000000000000 

Instructions: (pc=0x00000249e4ccb178)
0x00000249e4ccb078:   00 00 00 00 00 00 00 00 58 48 85 c0 0f 84 43 01
0x00000249e4ccb088:   00 00 48 8b 4d e8 48 8b 49 08 48 8b 49 08 48 8b
0x00000249e4ccb098:   51 08 41 0f b7 5d 01 0f cb c1 eb 10 80 7c 1a 04
0x00000249e4ccb0a8:   07 0f 84 b8 00 00 00 50 e8 05 00 00 00 e9 98 00
0x00000249e4ccb0b8:   00 00 48 8d 44 24 08 4c 89 6d c0 49 8b cf c5 f8
0x00000249e4ccb0c8:   77 49 89 af 98 02 00 00 49 89 87 88 02 00 00 48
0x00000249e4ccb0d8:   83 ec 20 f7 c4 0f 00 00 00 0f 84 1a 00 00 00 48
0x00000249e4ccb0e8:   83 ec 08 49 ba 60 20 c5 ee fe 7f 00 00 41 ff d2
0x00000249e4ccb0f8:   48 83 c4 08 e9 0d 00 00 00 49 ba 60 20 c5 ee fe
0x00000249e4ccb108:   7f 00 00 41 ff d2 48 83 c4 20 49 c7 87 88 02 00
0x00000249e4ccb118:   00 00 00 00 00 49 c7 87 98 02 00 00 00 00 00 00
0x00000249e4ccb128:   49 c7 87 90 02 00 00 00 00 00 00 c5 f8 77 49 81
0x00000249e4ccb138:   7f 08 00 00 00 00 0f 84 05 00 00 00 e9 b7 5d fe
0x00000249e4ccb148:   ff 4c 8b 6d c0 4c 8b 75 c8 c3 49 8b 87 e8 02 00
0x00000249e4ccb158:   00 49 c7 87 e8 02 00 00 00 00 00 00 5a eb 11 48
0x00000249e4ccb168:   8b d0 66 8b 5c d9 48 48 8b 49 28 48 8b 44 d9 08
0x00000249e4ccb178:   8b 5a 08 49 ba 00 00 00 00 08 00 00 00 49 03 da
0x00000249e4ccb188:   48 3b d8 0f 84 39 00 00 00 8b 48 14 48 3b 04 0b
0x00000249e4ccb198:   0f 84 2c 00 00 00 83 f9 20 0f 85 1d 00 00 00 57
0x00000249e4ccb1a8:   48 8b 7b 28 8b 0f 48 83 c7 08 48 85 c0 f2 48 af
0x00000249e4ccb1b8:   5f 75 09 48 89 43 20 e9 06 00 00 00 52 e9 51 0d
0x00000249e4ccb1c8:   ff ff 48 8b c2 41 0f b6 5d 03 49 83 c5 03 49 ba
0x00000249e4ccb1d8:   20 08 46 ef fe 7f 00 00 41 ff 24 da 0f 1f 40 00
0x00000249e4ccb1e8:   00 00 00 00 00 00 00 00 00 00 00 00 00 00 00 00
0x00000249e4ccb1f8:   00 00 00 00 00 00 00 00 e0 cd 1e ef fe 7f 00 00
0x00000249e4ccb208:   a0 01 00 00 c1 00 00 00 00 00 00 00 00 00 00 00
0x00000249e4ccb218:   00 00 00 00 00 00 00 00 58 48 85 c0 0f 84 50 01
0x00000249e4ccb228:   00 00 48 8b 4d e8 48 8b 49 08 48 8b 49 08 48 8b
0x00000249e4ccb238:   51 08 41 0f b7 5d 01 0f cb c1 eb 10 80 7c 1a 04
0x00000249e4ccb248:   07 0f 84 c8 00 00 00 50 e8 05 00 00 00 e9 98 00
0x00000249e4ccb258:   00 00 48 8d 44 24 08 4c 89 6d c0 49 8b cf c5 f8
0x00000249e4ccb268:   77 49 89 af 98 02 00 00 49 89 87 88 02 00 00 48 


Stack slot to memory mapping:
stack at sp + 0 slots: 0x00000082733fba78 is pointing into the stack for thread: 0x00000249f980d090
stack at sp + 1 slots: 0x00000249fac06729 is pointing into metadata
stack at sp + 2 slots: 0x00000082733fbad0 is pointing into the stack for thread: 0x00000249f980d090
stack at sp + 3 slots: 0x00000249fac08658 is pointing into metadata
stack at sp + 4 slots: 0x0 is NULL
stack at sp + 5 slots: 0x0000000705ef5198 is an oop: java.lang.Class 
{0x0000000705ef5198} - klass: 'java/lang/Class'
 - ---- fields (total size 14 words):
 - private volatile transient 'classRedefinedCount' 'I' @12  0
 - private volatile transient 'cachedConstructor' 'Ljava/lang/reflect/Constructor;' @40  NULL (0)
 - private transient 'name' 'Ljava/lang/String;' @44  "javax.servlet.http.HttpServletRequestWrapper"{0x0000000705ef5ef0} (e0bdebde)
 - private transient 'module' 'Ljava/lang/Module;' @48  a 'java/lang/Module'{0x000000070209c238} (e0413847)
 - private final 'classLoader' 'Ljava/lang/ClassLoader;' @52  a 'jdk/internal/loader/ClassLoaders$AppClassLoader'{0x0000000702051228} (e040a245)
 - private transient 'classData' 'Ljava/lang/Object;' @56  NULL (0)
 - private transient 'packageName' 'Ljava/lang/String;' @60  "javax.servlet.http"{0x00000007026ac448} (e04d5889)
 - private final 'componentType' 'Ljava/lang/Class;' @64  NULL (0)
 - private volatile transient 'reflectionData' 'Ljava/lang/ref/SoftReference;' @68  NULL (0)
 - private volatile transient 'genericInfo' 'Lsun/reflect/generics/repository/ClassRepository;' @72  NULL (0)
 - private volatile transient 'enumConstants' '[Ljava/lang/Object;' @76  NULL (0)
 - private volatile transient 'enumConstantDirectory' 'Ljava/util/Map;' @80  NULL (0)
 - private volatile transient 'annotationData' 'Ljava/lang/Class$AnnotationData;' @84  NULL (0)
 - private volatile transient 'annotationType' 'Lsun/reflect/annotation/AnnotationType;' @88  NULL (0)
 - transient 'classValueMap' 'Ljava/lang/ClassValue$ClassValueMap;' @92  NULL (0)
 - signature: Ljavax/servlet/http/HttpServletRequestWrapper;
 - fake entry for mirror: 'javax/servlet/http/HttpServletRequestWrapper'
 - fake entry for array: NULL
 - fake entry for oop_size: 14
 - fake entry for static_oop_field_count: 0
stack at sp + 6 slots: {method} {0x00000249fac06750} '_getHttpServletRequest' '()Ljavax/servlet/http/HttpServletRequest;' in 'javax/servlet/http/HttpServletRequestWrapper'
stack at sp + 7 slots: 0x0 is NULL

checkcast  192 checkcast  [0x00000249e4ccb080, 0x00000249e4ccb200]  384 bytes
[MachCode]
  0x00000249e4ccb080: 5848 85c0 | 0f84 4301 | 0000 488b | 4de8 488b | 4908 488b | 4908 488b | 5108 410f | b75d 010f 
  0x00000249e4ccb0a0: cbc1 eb10 | 807c 1a04 | 070f 84b8 | 0000 0050 | e805 0000 | 00e9 9800 | 0000 488d | 4424 084c 
  0x00000249e4ccb0c0: 896d c049 | 8bcf c5f8 | 7749 89af | 9802 0000 | 4989 8788 | 0200 0048 | 83ec 20f7 | c40f 0000 
  0x00000249e4ccb0e0: 000f 841a | 0000 0048 | 83ec 0849 | ba60 20c5 | eefe 7f00 | 0041 ffd2 | 4883 c408 | e90d 0000 
  0x00000249e4ccb100: 0049 ba60 | 20c5 eefe | 7f00 0041 | ffd2 4883 | c420 49c7 | 8788 0200 | 0000 0000 | 0049 c787 
  0x00000249e4ccb120: 9802 0000 | 0000 0000 | 49c7 8790 | 0200 0000 | 0000 00c5 | f877 4981 | 7f08 0000 | 0000 0f84 
  0x00000249e4ccb140: 0500 0000 | e9b7 5dfe | ff4c 8b6d | c04c 8b75 | c8c3 498b | 87e8 0200 | 0049 c787 | e802 0000 
  0x00000249e4ccb160: 0000 0000 | 5aeb 1148 | 8bd0 668b | 5cd9 4848 | 8b49 2848 | 8b44 d908 | 8b5a 0849 | ba00 0000 
  0x00000249e4ccb180: 0008 0000 | 0049 03da | 483b d80f | 8439 0000 | 008b 4814 | 483b 040b | 0f84 2c00 | 0000 83f9 
  0x00000249e4ccb1a0: 200f 851d | 0000 0057 | 488b 7b28 | 8b0f 4883 | c708 4885 | c0f2 48af | 5f75 0948 | 8943 20e9 
  0x00000249e4ccb1c0: 0600 0000 | 52e9 510d | ffff 488b | c241 0fb6 | 5d03 4983 | c503 49ba | 2008 46ef | fe7f 0000 
  0x00000249e4ccb1e0: 41ff 24da | 0f1f 4000 | 0000 0000 | 0000 0000 | 0000 0000 | 0000 0000 | 0000 0000 | 0000 0000 
[/MachCode]

---------------  P R O C E S S  ---------------

Threads class SMR info:
_java_thread_list=0x00000249f9725650, length=35, elements={
0x00000249f16dc430, 0x00000249f3ff6300, 0x00000249f402abd0, 0x00000249f402b750,
0x00000249f402c2d0, 0x00000249f404ace0, 0x00000249f4050790, 0x00000249f4051350,
0x00000249f3ff1070, 0x00000249f42648d0, 0x00000249f520f590, 0x00000249f520c090,
0x00000249f520d2b0, 0x00000249f5302920, 0x00000249f5306230, 0x00000249f534fe20,
0x00000249f625ea00, 0x00000249f625d6c0, 0x00000249f625d1f0, 0x00000249f625f870,
0x00000249f625db90, 0x00000249f625c850, 0x00000249f980d090, 0x00000249f980c6f0,
0x00000249f980bd50, 0x00000249f980f710, 0x00000249f980d560, 0x00000249f98100b0,
0x00000249f980df00, 0x00000249f980b880, 0x00000249f980e3d0, 0x00000249f980cbc0,
0x00000249f980a070, 0x00000249f9810f20, 0x00000249f41810f0
}

Java Threads: ( => current thread )
  0x00000249f16dc430 JavaThread "Reference Handler" daemon [_thread_blocked, id=12488, stack(0x0000008270d00000,0x0000008270e00000)]
  0x00000249f3ff6300 JavaThread "Finalizer" daemon [_thread_blocked, id=24180, stack(0x0000008270e00000,0x0000008270f00000)]
  0x00000249f402abd0 JavaThread "Signal Dispatcher" daemon [_thread_blocked, id=10184, stack(0x0000008270f00000,0x0000008271000000)]
  0x00000249f402b750 JavaThread "Attach Listener" daemon [_thread_blocked, id=24968, stack(0x0000008271000000,0x0000008271100000)]
  0x00000249f402c2d0 JavaThread "Service Thread" daemon [_thread_blocked, id=10400, stack(0x0000008271100000,0x0000008271200000)]
  0x00000249f404ace0 JavaThread "Monitor Deflation Thread" daemon [_thread_blocked, id=3468, stack(0x0000008271200000,0x0000008271300000)]
  0x00000249f4050790 JavaThread "C1 CompilerThread0" daemon [_thread_blocked, id=25544, stack(0x0000008271300000,0x0000008271400000)]
  0x00000249f4051350 JavaThread "Sweeper thread" daemon [_thread_blocked, id=12916, stack(0x0000008271400000,0x0000008271500000)]
  0x00000249f3ff1070 JavaThread "Common-Cleaner" daemon [_thread_blocked, id=16804, stack(0x0000008271500000,0x0000008271600000)]
  0x00000249f42648d0 JavaThread "Notification Thread" daemon [_thread_blocked, id=8860, stack(0x0000008271900000,0x0000008271a00000)]
  0x00000249f520f590 JavaThread "RMI TCP Accept-0" daemon [_thread_in_native, id=20244, stack(0x0000008271a00000,0x0000008271b00000)]
  0x00000249f520c090 JavaThread "RMI TCP Accept-55116" daemon [_thread_in_native, id=1628, stack(0x0000008271b00000,0x0000008271c00000)]
  0x00000249f520d2b0 JavaThread "RMI TCP Accept-0" daemon [_thread_in_native, id=5380, stack(0x0000008271c00000,0x0000008271d00000)]
  0x00000249f5302920 JavaThread "RMI Scheduler(0)" daemon [_thread_blocked, id=26732, stack(0x0000008271f00000,0x0000008272000000)]
  0x00000249f5306230 JavaThread "RMI TCP Connection(idle)" daemon [_thread_blocked, id=11532, stack(0x0000008272000000,0x0000008272100000)]
  0x00000249f534fe20 JavaThread "JMX server connection timeout 22" daemon [_thread_blocked, id=19404, stack(0x0000008272100000,0x0000008272200000)]
  0x00000249f625ea00 JavaThread "Catalina-utility-1" [_thread_blocked, id=24108, stack(0x0000008272a00000,0x0000008272b00000)]
  0x00000249f625d6c0 JavaThread "Catalina-utility-2" [_thread_blocked, id=24960, stack(0x0000008272c00000,0x0000008272d00000)]
  0x00000249f625d1f0 JavaThread "container-0" [_thread_blocked, id=10108, stack(0x0000008272d00000,0x0000008272e00000)]
  0x00000249f625f870 JavaThread "mssql-jdbc-shared-timer-core-0" daemon [_thread_blocked, id=25044, stack(0x0000008272f00000,0x0000008273000000)]
  0x00000249f625db90 JavaThread "HikariPool-1 housekeeper" daemon [_thread_blocked, id=26784, stack(0x0000008273000000,0x0000008273100000)]
  0x00000249f625c850 JavaThread "http-nio-9090-exec-1" daemon [_thread_blocked, id=13088, stack(0x0000008273200000,0x0000008273300000)]
=>0x00000249f980d090 JavaThread "http-nio-9090-exec-2" daemon [_thread_in_Java, id=19544, stack(0x0000008273300000,0x0000008273400000)]
  0x00000249f980c6f0 JavaThread "http-nio-9090-exec-3" daemon [_thread_blocked, id=14044, stack(0x0000008273400000,0x0000008273500000)]
  0x00000249f980bd50 JavaThread "http-nio-9090-exec-4" daemon [_thread_blocked, id=26252, stack(0x0000008273500000,0x0000008273600000)]
  0x00000249f980f710 JavaThread "http-nio-9090-exec-5" daemon [_thread_blocked, id=8080, stack(0x0000008273600000,0x0000008273700000)]
  0x00000249f980d560 JavaThread "http-nio-9090-exec-6" daemon [_thread_blocked, id=24392, stack(0x0000008273700000,0x0000008273800000)]
  0x00000249f98100b0 JavaThread "http-nio-9090-exec-7" daemon [_thread_blocked, id=16984, stack(0x0000008273800000,0x0000008273900000)]
  0x00000249f980df00 JavaThread "http-nio-9090-exec-8" daemon [_thread_blocked, id=19196, stack(0x0000008273900000,0x0000008273a00000)]
  0x00000249f980b880 JavaThread "http-nio-9090-exec-9" daemon [_thread_blocked, id=8388, stack(0x0000008273a00000,0x0000008273b00000)]
  0x00000249f980e3d0 JavaThread "http-nio-9090-exec-10" daemon [_thread_blocked, id=12508, stack(0x0000008273b00000,0x0000008273c00000)]
  0x00000249f980cbc0 JavaThread "http-nio-9090-Poller" daemon [_thread_in_native, id=13516, stack(0x0000008273c00000,0x0000008273d00000)]
  0x00000249f980a070 JavaThread "http-nio-9090-Acceptor" daemon [_thread_in_native, id=23732, stack(0x0000008273d00000,0x0000008273e00000)]
  0x00000249f9810f20 JavaThread "DestroyJavaVM" [_thread_blocked, id=15292, stack(0x0000008270600000,0x0000008270700000)]
  0x00000249f41810f0 JavaThread "C1 CompilerThread1" daemon [_thread_blocked, id=25428, stack(0x0000008270300000,0x0000008270400000)]

Other Threads:
  0x00000249f16d5950 VMThread "VM Thread" [stack: 0x0000008270c00000,0x0000008270d00000] [id=13492]
  0x00000249f520d780 WatcherThread [stack: 0x0000008271d00000,0x0000008271e00000] [id=27452]
  0x00000249e16be270 GCTaskThread "GC Thread#0" [stack: 0x0000008270700000,0x0000008270800000] [id=25392]
  0x00000249f55beac0 GCTaskThread "GC Thread#1" [stack: 0x0000008272200000,0x0000008272300000] [id=21064]
  0x00000249f55bf990 GCTaskThread "GC Thread#2" [stack: 0x0000008272300000,0x0000008272400000] [id=15584]
  0x00000249f55c2470 GCTaskThread "GC Thread#3" [stack: 0x0000008272400000,0x0000008272500000] [id=16396]
  0x00000249f55c7740 GCTaskThread "GC Thread#4" [stack: 0x0000008272500000,0x0000008272600000] [id=14932]
  0x00000249f55c8200 GCTaskThread "GC Thread#5" [stack: 0x0000008272600000,0x0000008272700000] [id=22624]
  0x00000249f55e42c0 GCTaskThread "GC Thread#6" [stack: 0x0000008272700000,0x0000008272800000] [id=14340]
  0x00000249f55e8580 GCTaskThread "GC Thread#7" [stack: 0x0000008272800000,0x0000008272900000] [id=14232]
  0x00000249f14f1c80 ConcurrentGCThread "G1 Main Marker" [stack: 0x0000008270800000,0x0000008270900000] [id=22056]
  0x00000249f14f4cf0 ConcurrentGCThread "G1 Conc#0" [stack: 0x0000008270900000,0x0000008270a00000] [id=24952]
  0x00000249f631ec30 ConcurrentGCThread "G1 Conc#1" [stack: 0x0000008272b00000,0x0000008272c00000] [id=27240]
  0x00000249f15b3920 ConcurrentGCThread "G1 Refine#0" [stack: 0x0000008270a00000,0x0000008270b00000] [id=22852]
  0x00000249f55ec840 ConcurrentGCThread "G1 Refine#1" [stack: 0x0000008272900000,0x0000008272a00000] [id=18276]
  0x00000249f15b42b0 ConcurrentGCThread "G1 Service" [stack: 0x0000008270b00000,0x0000008270c00000] [id=23628]

Threads with active compile tasks:

VM state: not at safepoint (normal execution)

VM Mutex/Monitor currently owned by a thread: None

Heap address: 0x0000000701e00000, size: 4066 MB, Compressed Oops mode: Zero based, Oop shift amount: 3

CDS archive(s) not mapped
Compressed class space mapped at: 0x0000000800000000-0x0000000840000000, reserved size: 1073741824
Narrow klass base: 0x0000000800000000, Narrow klass shift: 0, Narrow klass range: 0x40000000

GC Precious Log:
 CPUs: 8 total, 8 available
 Memory: 16259M
 Large Page Support: Disabled
 NUMA Support: Disabled
 Compressed Oops: Enabled (Zero based)
 Heap Region Size: 2M
 Heap Min Capacity: 8M
 Heap Initial Capacity: 256M
 Heap Max Capacity: 4066M
 Pre-touch: Disabled
 Parallel Workers: 8
 Concurrent Workers: 2
 Concurrent Refinement Workers: 8
 Periodic GC: Disabled

Heap:
 garbage-first heap   total 161792K, used 60737K [0x0000000701e00000, 0x0000000800000000)
  region size 2048K, 23 young (47104K), 5 survivors (10240K)
 Metaspace       used 74672K, committed 75072K, reserved 1122304K
  class space    used 9517K, committed 9728K, reserved 1048576K

Heap Regions: E=young(eden), S=young(survivor), O=old, HS=humongous(starts), HC=humongous(continues), CS=collection set, F=free, OA=open archive, CA=closed archive, TAMS=top-at-mark-start (previous, next)
|   0|0x0000000701e00000, 0x0000000702000000, 0x0000000702000000|100%| O|  |TAMS 0x0000000702000000, 0x0000000701e00000| Untracked 
|   1|0x0000000702000000, 0x0000000702200000, 0x0000000702200000|100%| O|  |TAMS 0x0000000702200000, 0x0000000702000000| Untracked 
|   2|0x0000000702200000, 0x0000000702400000, 0x0000000702400000|100%| O|  |TAMS 0x0000000702400000, 0x0000000702200000| Untracked 
|   3|0x0000000702400000, 0x0000000702400000, 0x0000000702600000|  0%| F|  |TAMS 0x0000000702400000, 0x0000000702400000| Untracked 
|   4|0x0000000702600000, 0x0000000702800000, 0x0000000702800000|100%| O|  |TAMS 0x0000000702800000, 0x0000000702600000| Untracked 
|   5|0x0000000702800000, 0x0000000702a00000, 0x0000000702a00000|100%| O|  |TAMS 0x0000000702a00000, 0x0000000702800000| Untracked 
|   6|0x0000000702a00000, 0x0000000702c00000, 0x0000000702c00000|100%| O|  |TAMS 0x0000000702c00000, 0x0000000702a00000| Untracked 
|   7|0x0000000702c00000, 0x0000000702e00000, 0x0000000702e00000|100%| O|  |TAMS 0x0000000702e00000, 0x0000000702c00000| Untracked 
|   8|0x0000000702e00000, 0x0000000703000000, 0x0000000703000000|100%| O|  |TAMS 0x0000000703000000, 0x0000000702e00000| Untracked 
|   9|0x0000000703000000, 0x0000000703000000, 0x0000000703200000|  0%| F|  |TAMS 0x0000000703000000, 0x0000000703000000| Untracked 
|  10|0x0000000703200000, 0x0000000703200000, 0x0000000703400000|  0%| F|  |TAMS 0x0000000703200000, 0x0000000703200000| Untracked 
|  11|0x0000000703400000, 0x0000000703400000, 0x0000000703600000|  0%| F|  |TAMS 0x0000000703400000, 0x0000000703400000| Untracked 
|  12|0x0000000703600000, 0x0000000703784c00, 0x0000000703800000| 75%| O|  |TAMS 0x0000000703784c00, 0x0000000703600000| Untracked 
|  13|0x0000000703800000, 0x0000000703800000, 0x0000000703a00000|  0%| F|  |TAMS 0x0000000703800000, 0x0000000703800000| Untracked 
|  14|0x0000000703a00000, 0x0000000703a00000, 0x0000000703c00000|  0%| F|  |TAMS 0x0000000703a00000, 0x0000000703a00000| Untracked 
|  15|0x0000000703c00000, 0x0000000703c00000, 0x0000000703e00000|  0%| F|  |TAMS 0x0000000703c00000, 0x0000000703c00000| Untracked 
|  16|0x0000000703e00000, 0x0000000703e00000, 0x0000000704000000|  0%| F|  |TAMS 0x0000000703e00000, 0x0000000703e00000| Untracked 
|  17|0x0000000704000000, 0x0000000704000000, 0x0000000704200000|  0%| F|  |TAMS 0x0000000704000000, 0x0000000704000000| Untracked 
|  18|0x0000000704200000, 0x0000000704200000, 0x0000000704400000|  0%| F|  |TAMS 0x0000000704200000, 0x0000000704200000| Untracked 
|  19|0x0000000704400000, 0x0000000704400000, 0x0000000704600000|  0%| F|  |TAMS 0x0000000704400000, 0x0000000704400000| Untracked 
|  20|0x0000000704600000, 0x0000000704600000, 0x0000000704800000|  0%| F|  |TAMS 0x0000000704600000, 0x0000000704600000| Untracked 
|  21|0x0000000704800000, 0x0000000704800000, 0x0000000704a00000|  0%| F|  |TAMS 0x0000000704800000, 0x0000000704800000| Untracked 
|  22|0x0000000704a00000, 0x0000000704a00000, 0x0000000704c00000|  0%| F|  |TAMS 0x0000000704a00000, 0x0000000704a00000| Untracked 
|  23|0x0000000704c00000, 0x0000000704c00000, 0x0000000704e00000|  0%| F|  |TAMS 0x0000000704c00000, 0x0000000704c00000| Untracked 
|  24|0x0000000704e00000, 0x0000000704e00000, 0x0000000705000000|  0%| F|  |TAMS 0x0000000704e00000, 0x0000000704e00000| Untracked 
|  25|0x0000000705000000, 0x0000000705000000, 0x0000000705200000|  0%| F|  |TAMS 0x0000000705000000, 0x0000000705000000| Untracked 
|  26|0x0000000705200000, 0x0000000705200000, 0x0000000705400000|  0%| F|  |TAMS 0x0000000705200000, 0x0000000705200000| Untracked 
|  27|0x0000000705400000, 0x0000000705400000, 0x0000000705600000|  0%| F|  |TAMS 0x0000000705400000, 0x0000000705400000| Untracked 
|  28|0x0000000705600000, 0x0000000705600000, 0x0000000705800000|  0%| F|  |TAMS 0x0000000705600000, 0x0000000705600000| Untracked 
|  29|0x0000000705800000, 0x00000007059cb9f0, 0x0000000705a00000| 89%| S|CS|TAMS 0x0000000705800000, 0x0000000705800000| Complete 
|  30|0x0000000705a00000, 0x0000000705c00000, 0x0000000705c00000|100%| S|CS|TAMS 0x0000000705a00000, 0x0000000705a00000| Complete 
|  31|0x0000000705c00000, 0x0000000705e00000, 0x0000000705e00000|100%| S|CS|TAMS 0x0000000705c00000, 0x0000000705c00000| Complete 
|  32|0x0000000705e00000, 0x0000000706000000, 0x0000000706000000|100%| S|CS|TAMS 0x0000000705e00000, 0x0000000705e00000| Complete 
|  33|0x0000000706000000, 0x0000000706200000, 0x0000000706200000|100%| S|CS|TAMS 0x0000000706000000, 0x0000000706000000| Complete 
|  34|0x0000000706200000, 0x0000000706200000, 0x0000000706400000|  0%| F|  |TAMS 0x0000000706200000, 0x0000000706200000| Untracked 
|  35|0x0000000706400000, 0x0000000706400000, 0x0000000706600000|  0%| F|  |TAMS 0x0000000706400000, 0x0000000706400000| Untracked 
|  36|0x0000000706600000, 0x0000000706600000, 0x0000000706800000|  0%| F|  |TAMS 0x0000000706600000, 0x0000000706600000| Untracked 
|  37|0x0000000706800000, 0x0000000706800000, 0x0000000706a00000|  0%| F|  |TAMS 0x0000000706800000, 0x0000000706800000| Untracked 
|  38|0x0000000706a00000, 0x0000000706a00000, 0x0000000706c00000|  0%| F|  |TAMS 0x0000000706a00000, 0x0000000706a00000| Untracked 
|  39|0x0000000706c00000, 0x0000000706c00000, 0x0000000706e00000|  0%| F|  |TAMS 0x0000000706c00000, 0x0000000706c00000| Untracked 
|  40|0x0000000706e00000, 0x0000000706e00000, 0x0000000707000000|  0%| F|  |TAMS 0x0000000706e00000, 0x0000000706e00000| Untracked 
|  41|0x0000000707000000, 0x0000000707000000, 0x0000000707200000|  0%| F|  |TAMS 0x0000000707000000, 0x0000000707000000| Untracked 
|  42|0x0000000707200000, 0x0000000707200000, 0x0000000707400000|  0%| F|  |TAMS 0x0000000707200000, 0x0000000707200000| Untracked 
|  43|0x0000000707400000, 0x0000000707400000, 0x0000000707600000|  0%| F|  |TAMS 0x0000000707400000, 0x0000000707400000| Untracked 
|  44|0x0000000707600000, 0x0000000707600000, 0x0000000707800000|  0%| F|  |TAMS 0x0000000707600000, 0x0000000707600000| Untracked 
|  45|0x0000000707800000, 0x0000000707800000, 0x0000000707a00000|  0%| F|  |TAMS 0x0000000707800000, 0x0000000707800000| Untracked 
|  46|0x0000000707a00000, 0x0000000707a00000, 0x0000000707c00000|  0%| F|  |TAMS 0x0000000707a00000, 0x0000000707a00000| Untracked 
|  47|0x0000000707c00000, 0x0000000707c00000, 0x0000000707e00000|  0%| F|  |TAMS 0x0000000707c00000, 0x0000000707c00000| Untracked 
|  48|0x0000000707e00000, 0x0000000707e00000, 0x0000000708000000|  0%| F|  |TAMS 0x0000000707e00000, 0x0000000707e00000| Untracked 
|  49|0x0000000708000000, 0x0000000708000000, 0x0000000708200000|  0%| F|  |TAMS 0x0000000708000000, 0x0000000708000000| Untracked 
|  50|0x0000000708200000, 0x0000000708200000, 0x0000000708400000|  0%| F|  |TAMS 0x0000000708200000, 0x0000000708200000| Untracked 
|  51|0x0000000708400000, 0x0000000708400000, 0x0000000708600000|  0%| F|  |TAMS 0x0000000708400000, 0x0000000708400000| Untracked 
|  52|0x0000000708600000, 0x0000000708600000, 0x0000000708800000|  0%| F|  |TAMS 0x0000000708600000, 0x0000000708600000| Untracked 
|  53|0x0000000708800000, 0x0000000708800000, 0x0000000708a00000|  0%| F|  |TAMS 0x0000000708800000, 0x0000000708800000| Untracked 
|  54|0x0000000708a00000, 0x0000000708a00000, 0x0000000708c00000|  0%| F|  |TAMS 0x0000000708a00000, 0x0000000708a00000| Untracked 
|  55|0x0000000708c00000, 0x0000000708c00000, 0x0000000708e00000|  0%| F|  |TAMS 0x0000000708c00000, 0x0000000708c00000| Untracked 
|  56|0x0000000708e00000, 0x0000000708e00000, 0x0000000709000000|  0%| F|  |TAMS 0x0000000708e00000, 0x0000000708e00000| Untracked 
|  57|0x0000000709000000, 0x0000000709000000, 0x0000000709200000|  0%| F|  |TAMS 0x0000000709000000, 0x0000000709000000| Untracked 
|  58|0x0000000709200000, 0x0000000709200000, 0x0000000709400000|  0%| F|  |TAMS 0x0000000709200000, 0x0000000709200000| Untracked 
|  59|0x0000000709400000, 0x0000000709400000, 0x0000000709600000|  0%| F|  |TAMS 0x0000000709400000, 0x0000000709400000| Untracked 
|  60|0x0000000709600000, 0x0000000709600000, 0x0000000709800000|  0%| F|  |TAMS 0x0000000709600000, 0x0000000709600000| Untracked 
|  61|0x0000000709800000, 0x0000000709942c48, 0x0000000709a00000| 63%| E|  |TAMS 0x0000000709800000, 0x0000000709800000| Complete 
|  62|0x0000000709a00000, 0x0000000709c00000, 0x0000000709c00000|100%| E|CS|TAMS 0x0000000709a00000, 0x0000000709a00000| Complete 
|  63|0x0000000709c00000, 0x0000000709e00000, 0x0000000709e00000|100%| E|CS|TAMS 0x0000000709c00000, 0x0000000709c00000| Complete 
|  64|0x0000000709e00000, 0x000000070a000000, 0x000000070a000000|100%| E|CS|TAMS 0x0000000709e00000, 0x0000000709e00000| Complete 
|  65|0x000000070a000000, 0x000000070a200000, 0x000000070a200000|100%| E|CS|TAMS 0x000000070a000000, 0x000000070a000000| Complete 
|  66|0x000000070a200000, 0x000000070a400000, 0x000000070a400000|100%| E|CS|TAMS 0x000000070a200000, 0x000000070a200000| Complete 
|  67|0x000000070a400000, 0x000000070a600000, 0x000000070a600000|100%| E|CS|TAMS 0x000000070a400000, 0x000000070a400000| Complete 
|  68|0x000000070a600000, 0x000000070a800000, 0x000000070a800000|100%| E|CS|TAMS 0x000000070a600000, 0x000000070a600000| Complete 
|  69|0x000000070a800000, 0x000000070aa00000, 0x000000070aa00000|100%| E|CS|TAMS 0x000000070a800000, 0x000000070a800000| Complete 
|  70|0x000000070aa00000, 0x000000070ac00000, 0x000000070ac00000|100%| E|CS|TAMS 0x000000070aa00000, 0x000000070aa00000| Complete 
|  71|0x000000070ac00000, 0x000000070ae00000, 0x000000070ae00000|100%| E|  |TAMS 0x000000070ac00000, 0x000000070ac00000| Complete 
|  72|0x000000070ae00000, 0x000000070b000000, 0x000000070b000000|100%| E|CS|TAMS 0x000000070ae00000, 0x000000070ae00000| Complete 
|  73|0x000000070b000000, 0x000000070b200000, 0x000000070b200000|100%| E|CS|TAMS 0x000000070b000000, 0x000000070b000000| Complete 
|  74|0x000000070b200000, 0x000000070b400000, 0x000000070b400000|100%| E|CS|TAMS 0x000000070b200000, 0x000000070b200000| Complete 
|  75|0x000000070b400000, 0x000000070b600000, 0x000000070b600000|100%| E|CS|TAMS 0x000000070b400000, 0x000000070b400000| Complete 
|  76|0x000000070b600000, 0x000000070b800000, 0x000000070b800000|100%| E|CS|TAMS 0x000000070b600000, 0x000000070b600000| Complete 
|  77|0x000000070b800000, 0x000000070ba00000, 0x000000070ba00000|100%| E|CS|TAMS 0x000000070b800000, 0x000000070b800000| Complete 
| 127|0x0000000711c00000, 0x0000000711e00000, 0x0000000711e00000|100%| E|CS|TAMS 0x0000000711c00000, 0x0000000711c00000| Complete 

Card table byte_map: [0x00000249e85c0000,0x00000249e8dc0000] _byte_map_base: 0x00000249e4db1000

Marking Bits (Prev, Next): (CMBitMap*) 0x00000249e16be830, (CMBitMap*) 0x00000249e16be7f0
 Prev Bits: [0x00000249ed550000, 0x00000249f14d8000)
 Next Bits: [0x00000249e95c0000, 0x00000249ed548000)

Polling page: 0x00000249def10000

Metaspace:

Usage:
  Non-class:     63.63 MB used.
      Class:      9.29 MB used.
       Both:     72.92 MB used.

Virtual space:
  Non-class space:       72.00 MB reserved,      63.81 MB ( 89%) committed,  9 nodes.
      Class space:        1.00 GB reserved,       9.50 MB ( <1%) committed,  1 nodes.
             Both:        1.07 GB reserved,      73.31 MB (  7%) committed. 

Chunk freelists:
   Non-Class:  3.54 MB
       Class:  2.45 MB
        Both:  5.99 MB

MaxMetaspaceSize: unlimited
CompressedClassSpaceSize: 1.00 GB
Initial GC threshold: 21.00 MB
Current GC threshold: 83.06 MB
CDS: off
MetaspaceReclaimPolicy: balanced
 - commit_granule_bytes: 65536.
 - commit_granule_words: 8192.
 - virtual_space_node_default_size: 1048576.
 - enlarge_chunks_in_place: 1.
 - new_chunks_are_fully_committed: 0.
 - uncommit_free_chunks: 1.
 - use_allocation_guard: 0.
 - handle_deallocations: 1.


Internal statistics:

num_allocs_failed_limit: 11.
num_arena_births: 504.
num_arena_deaths: 0.
num_vsnodes_births: 10.
num_vsnodes_deaths: 0.
num_space_committed: 1173.
num_space_uncommitted: 0.
num_chunks_returned_to_freelist: 11.
num_chunks_taken_from_freelist: 2756.
num_chunk_merges: 5.
num_chunk_splits: 1988.
num_chunks_enlarged: 1585.
num_purges: 0.
num_inconsistent_stats: 0.

CodeCache: size=49152Kb used=11210Kb max_used=11329Kb free=37941Kb
 bounds [0x00000249e4cb0000, 0x00000249e57d0000, 0x00000249e7cb0000]
 total_blobs=6070 nmethods=5367 adapters=629
 compilation: enabled
              stopped_count=0, restarted_count=0
 full_count=0

Compilation events (20 events):
Event: 117.570 Thread 0x00000249f4050790 nmethod 5427 0x00000249e5188210 code [0x00000249e51883a0, 0x00000249e51884b8]
Event: 117.570 Thread 0x00000249f4050790 5428       1       org.eclipse.jdt.internal.compiler.codegen.VerificationTypeInfo::constantPoolName (8 bytes)
Event: 117.571 Thread 0x00000249f4050790 nmethod 5428 0x00000249e5463110 code [0x00000249e54632a0, 0x00000249e5463388]
Event: 117.579 Thread 0x00000249f41810f0 nmethod 5426 0x00000249e5391410 code [0x00000249e5391940, 0x00000249e53946e8]
Event: 117.584 Thread 0x00000249f41810f0 5429       1       org.apache.jasper.compiler.SmapUtil$SDEInstaller::readU1 (21 bytes)
Event: 117.584 Thread 0x00000249f4050790 5430       1       org.apache.jasper.compiler.SmapUtil$SDEInstaller::writeU1 (19 bytes)
Event: 117.584 Thread 0x00000249f4050790 nmethod 5430 0x00000249e5462d90 code [0x00000249e5462f20, 0x00000249e5463018]
Event: 117.584 Thread 0x00000249f41810f0 nmethod 5429 0x00000249e5462a10 code [0x00000249e5462ba0, 0x00000249e5462c98]
Event: 117.584 Thread 0x00000249f4050790 5431       1       org.apache.jasper.compiler.SmapUtil$SDEInstaller::readBytes (38 bytes)
Event: 117.584 Thread 0x00000249f41810f0 5432       1       org.apache.jasper.compiler.SmapUtil$SDEInstaller::writeBytes (45 bytes)
Event: 117.584 Thread 0x00000249f41810f0 nmethod 5432 0x00000249e5462610 code [0x00000249e54627a0, 0x00000249e54628d8]
Event: 117.584 Thread 0x00000249f4050790 nmethod 5431 0x00000249e5462190 code [0x00000249e5462320, 0x00000249e54624f8]
Event: 117.584 Thread 0x00000249f4050790 5433       1       java.nio.charset.Charset::lookup (44 bytes)
Event: 117.585 Thread 0x00000249f41810f0 5434       1       org.apache.jasper.compiler.SmapUtil$SDEInstaller::writeU2 (18 bytes)
Event: 117.585 Thread 0x00000249f41810f0 nmethod 5434 0x00000249e5461d90 code [0x00000249e5461f20, 0x00000249e5462058]
Event: 117.585 Thread 0x00000249f41810f0 5436       1       org.apache.jasper.compiler.SmapUtil$SDEInstaller::copy (46 bytes)
Event: 117.585 Thread 0x00000249f4050790 nmethod 5433 0x00000249e5461790 code [0x00000249e5461960, 0x00000249e5461be8]
Event: 117.585 Thread 0x00000249f4050790 5435       1       org.apache.jasper.compiler.SmapUtil$SDEInstaller::readU2 (15 bytes)
Event: 117.585 Thread 0x00000249f41810f0 nmethod 5436 0x00000249e5461390 code [0x00000249e5461520, 0x00000249e5461678]
Event: 117.585 Thread 0x00000249f4050790 nmethod 5435 0x00000249e5460f90 code [0x00000249e5461120, 0x00000249e5461258]

GC Heap History (20 events):
Event: 5.495 GC heap before
{Heap before GC invocations=6 (full 0):
 garbage-first heap   total 49152K, used 30509K [0x0000000701e00000, 0x0000000800000000)
  region size 2048K, 11 young (22528K), 1 survivors (2048K)
 Metaspace       used 27380K, committed 27648K, reserved 1073152K
  class space    used 3280K, committed 3392K, reserved 1048576K
}
Event: 5.502 GC heap after
{Heap after GC invocations=7 (full 0):
 garbage-first heap   total 49152K, used 11091K [0x0000000701e00000, 0x0000000800000000)
  region size 2048K, 1 young (2048K), 1 survivors (2048K)
 Metaspace       used 27380K, committed 27648K, reserved 1073152K
  class space    used 3280K, committed 3392K, reserved 1048576K
}
Event: 6.481 GC heap before
{Heap before GC invocations=7 (full 0):
 garbage-first heap   total 49152K, used 31571K [0x0000000701e00000, 0x0000000800000000)
  region size 2048K, 11 young (22528K), 1 survivors (2048K)
 Metaspace       used 29884K, committed 30208K, reserved 1081344K
  class space    used 3652K, committed 3776K, reserved 1048576K
}
Event: 6.490 GC heap after
{Heap after GC invocations=8 (full 0):
 garbage-first heap   total 49152K, used 12412K [0x0000000701e00000, 0x0000000800000000)
  region size 2048K, 2 young (4096K), 2 survivors (4096K)
 Metaspace       used 29884K, committed 30208K, reserved 1081344K
  class space    used 3652K, committed 3776K, reserved 1048576K
}
Event: 7.402 GC heap before
{Heap before GC invocations=8 (full 0):
 garbage-first heap   total 49152K, used 32892K [0x0000000701e00000, 0x0000000800000000)
  region size 2048K, 12 young (24576K), 2 survivors (4096K)
 Metaspace       used 32471K, committed 32768K, reserved 1081344K
  class space    used 4092K, committed 4224K, reserved 1048576K
}
Event: 7.417 GC heap after
{Heap after GC invocations=9 (full 0):
 garbage-first heap   total 49152K, used 14785K [0x0000000701e00000, 0x0000000800000000)
  region size 2048K, 2 young (4096K), 2 survivors (4096K)
 Metaspace       used 32471K, committed 32768K, reserved 1081344K
  class space    used 4092K, committed 4224K, reserved 1048576K
}
Event: 8.223 GC heap before
{Heap before GC invocations=9 (full 0):
 garbage-first heap   total 49152K, used 33217K [0x0000000701e00000, 0x0000000800000000)
  region size 2048K, 11 young (22528K), 2 survivors (4096K)
 Metaspace       used 35237K, committed 35584K, reserved 1081344K
  class space    used 4396K, committed 4544K, reserved 1048576K
}
Event: 8.246 GC heap after
{Heap after GC invocations=10 (full 0):
 garbage-first heap   total 155648K, used 16193K [0x0000000701e00000, 0x0000000800000000)
  region size 2048K, 1 young (2048K), 1 survivors (2048K)
 Metaspace       used 35237K, committed 35584K, reserved 1081344K
  class space    used 4396K, committed 4544K, reserved 1048576K
}
Event: 8.327 GC heap before
{Heap before GC invocations=10 (full 0):
 garbage-first heap   total 155648K, used 20289K [0x0000000701e00000, 0x0000000800000000)
  region size 2048K, 4 young (8192K), 1 survivors (2048K)
 Metaspace       used 35804K, committed 36096K, reserved 1081344K
  class space    used 4455K, committed 4608K, reserved 1048576K
}
Event: 8.334 GC heap after
{Heap after GC invocations=11 (full 0):
 garbage-first heap   total 155648K, used 16153K [0x0000000701e00000, 0x0000000800000000)
  region size 2048K, 1 young (2048K), 1 survivors (2048K)
 Metaspace       used 35804K, committed 36096K, reserved 1081344K
  class space    used 4455K, committed 4608K, reserved 1048576K
}
Event: 10.053 GC heap before
{Heap before GC invocations=12 (full 0):
 garbage-first heap   total 61440K, used 50969K [0x0000000701e00000, 0x0000000800000000)
  region size 2048K, 18 young (36864K), 1 survivors (2048K)
 Metaspace       used 41888K, committed 42240K, reserved 1089536K
  class space    used 5273K, committed 5440K, reserved 1048576K
}
Event: 10.057 GC heap after
{Heap after GC invocations=13 (full 0):
 garbage-first heap   total 61440K, used 18474K [0x0000000701e00000, 0x0000000800000000)
  region size 2048K, 3 young (6144K), 3 survivors (6144K)
 Metaspace       used 41888K, committed 42240K, reserved 1089536K
  class space    used 5273K, committed 5440K, reserved 1048576K
}
Event: 10.149 GC heap before
{Heap before GC invocations=13 (full 0):
 garbage-first heap   total 61440K, used 20522K [0x0000000701e00000, 0x0000000800000000)
  region size 2048K, 4 young (8192K), 3 survivors (6144K)
 Metaspace       used 42258K, committed 42560K, reserved 1089536K
  class space    used 5349K, committed 5504K, reserved 1048576K
}
Event: 10.155 GC heap after
{Heap after GC invocations=14 (full 0):
 garbage-first heap   total 61440K, used 18608K [0x0000000701e00000, 0x0000000800000000)
  region size 2048K, 1 young (2048K), 1 survivors (2048K)
 Metaspace       used 42258K, committed 42560K, reserved 1089536K
  class space    used 5349K, committed 5504K, reserved 1048576K
}
Event: 11.521 GC heap before
{Heap before GC invocations=14 (full 0):
 garbage-first heap   total 61440K, used 45232K [0x0000000701e00000, 0x0000000800000000)
  region size 2048K, 14 young (28672K), 1 survivors (2048K)
 Metaspace       used 50476K, committed 50816K, reserved 1097728K
  class space    used 6497K, committed 6656K, reserved 1048576K
}
Event: 11.526 GC heap after
{Heap after GC invocations=15 (full 0):
 garbage-first heap   total 61440K, used 19775K [0x0000000701e00000, 0x0000000800000000)
  region size 2048K, 1 young (2048K), 1 survivors (2048K)
 Metaspace       used 50476K, committed 50816K, reserved 1097728K
  class space    used 6497K, committed 6656K, reserved 1048576K
}
Event: 12.615 GC heap before
{Heap before GC invocations=16 (full 0):
 garbage-first heap   total 61440K, used 46399K [0x0000000701e00000, 0x0000000800000000)
  region size 2048K, 14 young (28672K), 1 survivors (2048K)
 Metaspace       used 55617K, committed 55936K, reserved 1097728K
  class space    used 7288K, committed 7424K, reserved 1048576K
}
Event: 12.623 GC heap after
{Heap after GC invocations=17 (full 0):
 garbage-first heap   total 161792K, used 21340K [0x0000000701e00000, 0x0000000800000000)
  region size 2048K, 2 young (4096K), 2 survivors (4096K)
 Metaspace       used 55617K, committed 55936K, reserved 1097728K
  class space    used 7288K, committed 7424K, reserved 1048576K
}
Event: 114.911 GC heap before
{Heap before GC invocations=17 (full 0):
 garbage-first heap   total 161792K, used 113500K [0x0000000701e00000, 0x0000000800000000)
  region size 2048K, 47 young (96256K), 2 survivors (4096K)
 Metaspace       used 69093K, committed 69568K, reserved 1114112K
  class space    used 9037K, committed 9280K, reserved 1048576K
}
Event: 114.952 GC heap after
{Heap after GC invocations=18 (full 0):
 garbage-first heap   total 161792K, used 27969K [0x0000000701e00000, 0x0000000800000000)
  region size 2048K, 5 young (10240K), 5 survivors (10240K)
 Metaspace       used 69093K, committed 69568K, reserved 1114112K
  class space    used 9037K, committed 9280K, reserved 1048576K
}

Dll operation events (9 events):
Event: 0.054 Loaded shared library C:\Users\Liladhar.Bodkhe\Downloads\sts-4.17.2.RELEASE\plugins\org.eclipse.justj.openjdk.hotspot.jre.full.win32.x86_64_17.0.6.v20230125-1136\jre\bin\java.dll
Event: 0.504 Loaded shared library C:\Users\Liladhar.Bodkhe\Downloads\sts-4.17.2.RELEASE\plugins\org.eclipse.justj.openjdk.hotspot.jre.full.win32.x86_64_17.0.6.v20230125-1136\jre\bin\jimage.dll
Event: 0.539 Loaded shared library C:\Users\Liladhar.Bodkhe\Downloads\sts-4.17.2.RELEASE\plugins\org.eclipse.justj.openjdk.hotspot.jre.full.win32.x86_64_17.0.6.v20230125-1136\jre\bin\net.dll
Event: 0.545 Loaded shared library C:\Users\Liladhar.Bodkhe\Downloads\sts-4.17.2.RELEASE\plugins\org.eclipse.justj.openjdk.hotspot.jre.full.win32.x86_64_17.0.6.v20230125-1136\jre\bin\nio.dll
Event: 0.555 Loaded shared library C:\Users\Liladhar.Bodkhe\Downloads\sts-4.17.2.RELEASE\plugins\org.eclipse.justj.openjdk.hotspot.jre.full.win32.x86_64_17.0.6.v20230125-1136\jre\bin\zip.dll
Event: 0.669 Loaded shared library C:\Users\Liladhar.Bodkhe\Downloads\sts-4.17.2.RELEASE\plugins\org.eclipse.justj.openjdk.hotspot.jre.full.win32.x86_64_17.0.6.v20230125-1136\jre\bin\management.dll
Event: 0.702 Loaded shared library C:\Users\Liladhar.Bodkhe\Downloads\sts-4.17.2.RELEASE\plugins\org.eclipse.justj.openjdk.hotspot.jre.full.win32.x86_64_17.0.6.v20230125-1136\jre\bin\management_ext.dll
Event: 1.891 Loaded shared library C:\Users\Liladhar.Bodkhe\Downloads\sts-4.17.2.RELEASE\plugins\org.eclipse.justj.openjdk.hotspot.jre.full.win32.x86_64_17.0.6.v20230125-1136\jre\bin\verify.dll
Event: 8.001 Loaded shared library C:\Users\Liladhar.Bodkhe\Downloads\sts-4.17.2.RELEASE\plugins\org.eclipse.justj.openjdk.hotspot.jre.full.win32.x86_64_17.0.6.v20230125-1136\jre\bin\sunmscapi.dll

Deoptimization events (12 events):
Event: 4.176 Thread 0x00000249e164c7f0 DEOPT PACKING pc=0x00000249e5287ec1 sp=0x00000082706fd650
Event: 4.176 Thread 0x00000249e164c7f0 DEOPT UNPACKING pc=0x00000249e4d07143 sp=0x00000082706fcb40 mode 3
Event: 5.967 Thread 0x00000249e164c7f0 DEOPT PACKING pc=0x00000249e52b48dc sp=0x00000082706fdba0
Event: 5.967 Thread 0x00000249e164c7f0 DEOPT UNPACKING pc=0x00000249e4d07143 sp=0x00000082706fd0f8 mode 0
Event: 8.563 Thread 0x00000249e164c7f0 DEOPT PACKING pc=0x00000249e5503d6d sp=0x00000082706fc7a0
Event: 8.563 Thread 0x00000249e164c7f0 DEOPT UNPACKING pc=0x00000249e4d07143 sp=0x00000082706fbd68 mode 3
Event: 14.341 Thread 0x00000249e164c7f0 DEOPT PACKING pc=0x00000249e5227151 sp=0x00000082706fe000
Event: 14.341 Thread 0x00000249e164c7f0 DEOPT UNPACKING pc=0x00000249e4d07143 sp=0x00000082706fd518 mode 3
Event: 116.636 Thread 0x00000249f980d090 DEOPT PACKING pc=0x00000249e4eb06b3 sp=0x00000082733fb3a0
Event: 116.637 Thread 0x00000249f980d090 DEOPT UNPACKING pc=0x00000249e4d07143 sp=0x00000082733faaf8 mode 3
Event: 116.918 Thread 0x00000249f980d090 DEOPT PACKING pc=0x00000249e4e80d67 sp=0x00000082733fb710
Event: 116.918 Thread 0x00000249f980d090 DEOPT UNPACKING pc=0x00000249e4d07143 sp=0x00000082733fabe0 mode 3

Classes unloaded (0 events):
No events

Classes redefined (0 events):
No events

Internal exceptions (20 events):
Event: 15.245 Thread 0x00000249e164c7f0 Exception <a 'java/lang/NoSuchMethodError'{0x00000007082513c0}: 'java.lang.Object java.lang.invoke.DirectMethodHandle$Holder.invokeSpecial(java.lang.Object, java.lang.Object, int, java.lang.Object, int, java.lang.Object)'> (0x00000007082513c0) 
thrown [s\src\hotspot\share\interpreter\linkResolver.cpp, line 759]
Event: 15.245 Thread 0x00000249e164c7f0 Exception <a 'java/lang/NoSuchMethodError'{0x00000007082591c0}: 'java.lang.Object java.lang.invoke.DirectMethodHandle$Holder.newInvokeSpecial(java.lang.Object, java.lang.Object, int, java.lang.Object, int)'> (0x00000007082591c0) 
thrown [s\src\hotspot\share\interpreter\linkResolver.cpp, line 759]
Event: 15.246 Thread 0x00000249e164c7f0 Exception <a 'java/lang/NoSuchMethodError'{0x000000070825d2c0}: 'java.lang.Object java.lang.invoke.DirectMethodHandle$Holder.invokeSpecial(java.lang.Object, java.lang.Object, java.lang.Object, int, java.lang.Object, int)'> (0x000000070825d2c0) 
thrown [s\src\hotspot\share\interpreter\linkResolver.cpp, line 759]
Event: 15.249 Thread 0x00000249e164c7f0 Exception <a 'java/lang/NoSuchMethodError'{0x00000007082691a8}: 'void java.lang.invoke.DirectMethodHandle$Holder.invokeVirtual(java.lang.Object, java.lang.Object)'> (0x00000007082691a8) 
thrown [s\src\hotspot\share\interpreter\linkResolver.cpp, line 759]
Event: 96.239 Thread 0x00000249f625c850 Exception <a 'java/lang/NoSuchMethodError'{0x0000000707963040}: 'java.lang.Object java.lang.invoke.DirectMethodHandle$Holder.invokeStatic(java.lang.Object, int, int)'> (0x0000000707963040) 
thrown [s\src\hotspot\share\interpreter\linkResolver.cpp, line 759]
Event: 112.245 Thread 0x00000249f980d090 Exception <a 'java/lang/NoSuchMethodError'{0x0000000706e9a1d8}: 'java.lang.Object java.lang.invoke.DirectMethodHandle$Holder.invokeInterface(java.lang.Object, java.lang.Object, java.lang.Object, java.lang.Object)'> (0x0000000706e9a1d8) 
thrown [s\src\hotspot\share\interpreter\linkResolver.cpp, line 759]
Event: 112.406 Thread 0x00000249f980d090 Exception <a 'java/lang/NoSuchMethodError'{0x0000000706fd0b40}: 'java.lang.Object java.lang.invoke.DirectMethodHandle$Holder.invokeStaticInit(java.lang.Object, java.lang.Object, java.lang.Object, java.lang.Object, java.lang.Object, java.lang.Object)'> (0x0000000706fd0b40) 
thrown [s\src\hotspot\share\interpreter\linkResolver.cpp, line 759]
Event: 114.709 Thread 0x00000249f980d090 Exception <a 'java/lang/ClassNotFoundException'{0x00000007062cee68}: org/apache/taglibs/standard/tag/rt/core/ForEachTagBeanInfo> (0x00000007062cee68) 
thrown [s\src\hotspot\share\classfile\systemDictionary.cpp, line 256]
Event: 114.717 Thread 0x00000249f980d090 Exception <a 'java/lang/ClassNotFoundException'{0x00000007062d6440}: org/apache/taglibs/standard/tag/common/core/ForEachSupportBeanInfo> (0x00000007062d6440) 
thrown [s\src\hotspot\share\classfile\systemDictionary.cpp, line 256]
Event: 114.726 Thread 0x00000249f980d090 Exception <a 'java/lang/ClassNotFoundException'{0x00000007062dd9f8}: javax/servlet/jsp/jstl/core/LoopTagSupportBeanInfo> (0x00000007062dd9f8) 
thrown [s\src\hotspot\share\classfile\systemDictionary.cpp, line 256]
Event: 114.735 Thread 0x00000249f980d090 Exception <a 'java/lang/ClassNotFoundException'{0x00000007062e4f10}: javax/servlet/jsp/tagext/TagSupportBeanInfo> (0x00000007062e4f10) 
thrown [s\src\hotspot\share\classfile\systemDictionary.cpp, line 256]
Event: 114.744 Thread 0x00000249f980d090 Exception <a 'java/lang/ClassNotFoundException'{0x00000007062e8768}: java/lang/ObjectBeanInfo> (0x00000007062e8768) 
thrown [s\src\hotspot\share\classfile\systemDictionary.cpp, line 256]
Event: 114.750 Thread 0x00000249f980d090 Exception <a 'java/lang/ClassNotFoundException'{0x00000007062ec170}: java/lang/ObjectCustomizer> (0x00000007062ec170) 
thrown [s\src\hotspot\share\classfile\systemDictionary.cpp, line 256]
Event: 114.758 Thread 0x00000249f980d090 Exception <a 'java/lang/ClassNotFoundException'{0x00000007062f6e88}: javax/servlet/jsp/tagext/TagSupportCustomizer> (0x00000007062f6e88) 
thrown [s\src\hotspot\share\classfile\systemDictionary.cpp, line 256]
Event: 114.769 Thread 0x00000249f980d090 Exception <a 'java/lang/ClassNotFoundException'{0x00000007063095e8}: javax/servlet/jsp/jstl/core/LoopTagSupportCustomizer> (0x00000007063095e8) 
thrown [s\src\hotspot\share\classfile\systemDictionary.cpp, line 256]
Event: 114.790 Thread 0x00000249f980d090 Exception <a 'java/lang/ClassNotFoundException'{0x000000070632df00}: org/apache/taglibs/standard/tag/common/core/ForEachSupportCustomizer> (0x000000070632df00) 
thrown [s\src\hotspot\share\classfile\systemDictionary.cpp, line 256]
Event: 114.807 Thread 0x00000249f980d090 Exception <a 'java/lang/ClassNotFoundException'{0x000000070633dcc8}: org/apache/taglibs/standard/tag/rt/core/ForEachTagCustomizer> (0x000000070633dcc8) 
thrown [s\src\hotspot\share\classfile\systemDictionary.cpp, line 256]
Event: 115.905 Thread 0x00000249f980d090 Exception <a 'java/lang/ArrayIndexOutOfBoundsException'{0x000000070a745168}: Index 10822 out of bounds for length 10822> (0x000000070a745168) 
thrown [s\src\hotspot\share\interpreter\interpreterRuntime.cpp, line 428]
Event: 116.636 Thread 0x00000249f980d090 Implicit null exception at 0x00000249e4eadffe to 0x00000249e4eb06ae
Event: 116.918 Thread 0x00000249f980d090 Implicit null exception at 0x00000249e4e80b35 to 0x00000249e4e80d62

VM Operations (20 events):
Event: 114.601 Executing VM operation: Cleanup
Event: 114.601 Executing VM operation: Cleanup done
Event: 114.911 Executing VM operation: G1CollectForAllocation
Event: 114.952 Executing VM operation: G1CollectForAllocation done
Event: 115.961 Executing VM operation: Cleanup
Event: 115.961 Executing VM operation: Cleanup done
Event: 116.447 Executing VM operation: HandshakeAllThreads
Event: 116.447 Executing VM operation: HandshakeAllThreads done
Event: 116.636 Executing VM operation: HandshakeAllThreads
Event: 116.637 Executing VM operation: HandshakeAllThreads done
Event: 116.918 Executing VM operation: HandshakeAllThreads
Event: 116.918 Executing VM operation: HandshakeAllThreads done
Event: 117.655 Executing VM operation: ChangeBreakpoints
Event: 117.658 Executing VM operation: ChangeBreakpoints done
Event: 117.658 Executing VM operation: ChangeBreakpoints
Event: 117.661 Executing VM operation: ChangeBreakpoints done
Event: 117.665 Executing VM operation: get/set locals
Event: 117.665 Executing VM operation: get/set locals done
Event: 117.665 Executing VM operation: get/set locals
Event: 117.665 Executing VM operation: get/set locals done

Events (20 events):
Event: 116.927 Thread 0x00000249f4051350 flushing nmethod 0x00000249e5372110
Event: 116.927 Thread 0x00000249f4051350 flushing nmethod 0x00000249e5375790
Event: 116.927 Thread 0x00000249f4051350 flushing nmethod 0x00000249e5384110
Event: 116.928 Thread 0x00000249f4051350 flushing nmethod 0x00000249e538a690
Event: 116.928 Thread 0x00000249f4051350 flushing nmethod 0x00000249e538c390
Event: 116.928 Thread 0x00000249f4051350 flushing nmethod 0x00000249e53a7490
Event: 116.928 Thread 0x00000249f4051350 flushing nmethod 0x00000249e53cc510
Event: 116.928 Thread 0x00000249f4051350 flushing nmethod 0x00000249e53ccc90
Event: 116.928 Thread 0x00000249f4051350 flushing nmethod 0x00000249e53cdc90
Event: 116.928 Thread 0x00000249f4051350 flushing nmethod 0x00000249e53eee90
Event: 116.929 Thread 0x00000249f4051350 flushing nmethod 0x00000249e5424090
Event: 116.929 Thread 0x00000249f4051350 flushing nmethod 0x00000249e5425290
Event: 116.929 Thread 0x00000249f4051350 flushing nmethod 0x00000249e5444490
Event: 116.929 Thread 0x00000249f4051350 flushing nmethod 0x00000249e545ff90
Event: 116.929 Thread 0x00000249f4051350 flushing nmethod 0x00000249e5461190
Event: 116.930 Thread 0x00000249f4051350 flushing nmethod 0x00000249e5502310
Event: 117.570 loading class java/util/Hashtable$ValueCollection
Event: 117.570 loading class java/util/Hashtable$ValueCollection done
Event: 117.639 loading class java/net/URLClassLoader$1
Event: 117.640 loading class java/net/URLClassLoader$1 done


Dynamic libraries:
0x00007ff60b040000 - 0x00007ff60b04e000 	C:\Users\Liladhar.Bodkhe\Downloads\sts-4.17.2.RELEASE\plugins\org.eclipse.justj.openjdk.hotspot.jre.full.win32.x86_64_17.0.6.v20230125-1136\jre\bin\javaw.exe
0x00000249defd0000 - 0x00000249df1e4000 	C:\WINDOWS\SYSTEM32\ntd1l.dll
0x00000249dee20000 - 0x00000249deee2000 	C:\WINDOWS\System32\kern3l32.dll
0x00007fff45930000 - 0x00007fff45b44000 	C:\WINDOWS\SYSTEM32\ntdll.dll
0x00007fff43730000 - 0x00007fff437f2000 	C:\WINDOWS\System32\KERNEL32.DLL
0x00007fff42ee0000 - 0x00007fff43283000 	C:\WINDOWS\System32\KERNELBASE.dll
0x00007fff42a00000 - 0x00007fff42c67000 	C:\Program Files\SentinelOne\Sentinel Agent 22.3.4.612\InProcessClient64.dll
0x00007fff44670000 - 0x00007fff4471e000 	C:\WINDOWS\System32\ADVAPI32.dll
0x00007fff445c0000 - 0x00007fff44667000 	C:\WINDOWS\System32\msvcrt.dll
0x00007fff43bf0000 - 0x00007fff43c94000 	C:\WINDOWS\System32\sechost.dll
0x00007fff44270000 - 0x00007fff44387000 	C:\WINDOWS\System32\RPCRT4.dll
0x00007fff43520000 - 0x00007fff43631000 	C:\WINDOWS\System32\ucrtbase.dll
0x00007fff21280000 - 0x00007fff21299000 	C:\Users\Liladhar.Bodkhe\Downloads\sts-4.17.2.RELEASE\plugins\org.eclipse.justj.openjdk.hotspot.jre.full.win32.x86_64_17.0.6.v20230125-1136\jre\bin\VCRUNTIME140.dll
0x00007fff25050000 - 0x00007fff25067000 	C:\Users\Liladhar.Bodkhe\Downloads\sts-4.17.2.RELEASE\plugins\org.eclipse.justj.openjdk.hotspot.jre.full.win32.x86_64_17.0.6.v20230125-1136\jre\bin\jli.dll
0x00007fff43e40000 - 0x00007fff43feb000 	C:\WINDOWS\System32\USER32.dll
0x00007fff42d50000 - 0x00007fff42d76000 	C:\WINDOWS\System32\win32u.dll
0x00007fff18040000 - 0x00007fff182ce000 	C:\WINDOWS\WinSxS\amd64_microsoft.windows.common-controls_6595b64144ccf1df_6.0.22621.1635_none_270f70857386168e\COMCTL32.dll
0x00007fff45420000 - 0x00007fff45449000 	C:\WINDOWS\System32\GDI32.dll
0x00007fff43290000 - 0x00007fff433a8000 	C:\WINDOWS\System32\gdi32full.dll
0x00007fff42d80000 - 0x00007fff42e1a000 	C:\WINDOWS\System32\msvcp_win.dll
0x00007fff42740000 - 0x00007fff4274a000 	C:\WINDOWS\SYSTEM32\VERSION.dll
0x00007fff43900000 - 0x00007fff43931000 	C:\WINDOWS\System32\IMM32.DLL
0x00007fff39880000 - 0x00007fff3988c000 	C:\Users\Liladhar.Bodkhe\Downloads\sts-4.17.2.RELEASE\plugins\org.eclipse.justj.openjdk.hotspot.jre.full.win32.x86_64_17.0.6.v20230125-1136\jre\bin\vcruntime140_1.dll
0x00007ffefe950000 - 0x00007ffefe9e1000 	C:\Users\Liladhar.Bodkhe\Downloads\sts-4.17.2.RELEASE\plugins\org.eclipse.justj.openjdk.hotspot.jre.full.win32.x86_64_17.0.6.v20230125-1136\jre\bin\msvcp140.dll
0x00007ffeee8d0000 - 0x00007ffeef517000 	C:\Users\Liladhar.Bodkhe\Downloads\sts-4.17.2.RELEASE\plugins\org.eclipse.justj.openjdk.hotspot.jre.full.win32.x86_64_17.0.6.v20230125-1136\jre\bin\server\jvm.dll
0x00007fff3ca00000 - 0x00007fff3ca09000 	C:\WINDOWS\SYSTEM32\WSOCK32.dll
0x00007fff43950000 - 0x00007fff439c1000 	C:\WINDOWS\System32\WS2_32.dll
0x00007fff21ae0000 - 0x00007fff21b14000 	C:\WINDOWS\SYSTEM32\WINMM.dll
0x00007fff419f0000 - 0x00007fff41a08000 	C:\WINDOWS\SYSTEM32\kernel.appcore.dll
0x00007fff3bb10000 - 0x00007fff3bb1a000 	C:\Users\Liladhar.Bodkhe\Downloads\sts-4.17.2.RELEASE\plugins\org.eclipse.justj.openjdk.hotspot.jre.full.win32.x86_64_17.0.6.v20230125-1136\jre\bin\jimage.dll
0x00007fff405f0000 - 0x00007fff4081e000 	C:\WINDOWS\SYSTEM32\DBGHELP.DLL
0x00007fff44890000 - 0x00007fff44c19000 	C:\WINDOWS\System32\combase.dll
0x00007fff43ff0000 - 0x00007fff440c7000 	C:\WINDOWS\System32\OLEAUT32.dll
0x00007fff3c580000 - 0x00007fff3c5b2000 	C:\WINDOWS\SYSTEM32\dbgcore.DLL
0x00007fff43640000 - 0x00007fff436bb000 	C:\WINDOWS\System32\bcryptPrimitives.dll
0x00007fff35cc0000 - 0x00007fff35d40000 	C:\Program Files\SentinelOne\Sentinel Agent 22.3.4.612\SentinelJava64.dll
0x00007fff43ca0000 - 0x00007fff43e3c000 	C:\WINDOWS\System32\ole32.dll
0x00007fff35c90000 - 0x00007fff35cb5000 	C:\Users\Liladhar.Bodkhe\Downloads\sts-4.17.2.RELEASE\plugins\org.eclipse.justj.openjdk.hotspot.jre.full.win32.x86_64_17.0.6.v20230125-1136\jre\bin\java.dll
0x00007fff3b8d0000 - 0x00007fff3b8e8000 	C:\Users\Liladhar.Bodkhe\Downloads\sts-4.17.2.RELEASE\plugins\org.eclipse.justj.openjdk.hotspot.jre.full.win32.x86_64_17.0.6.v20230125-1136\jre\bin\zip.dll
0x00007fff44c20000 - 0x00007fff4541a000 	C:\WINDOWS\System32\SHELL32.dll
0x00007fff40900000 - 0x00007fff411ce000 	C:\WINDOWS\SYSTEM32\windows.storage.dll
0x00007fff40400000 - 0x00007fff4053e000 	C:\WINDOWS\SYSTEM32\wintypes.dll
0x00000249f4d00000 - 0x00000249f4df1000 	C:\WINDOWS\System32\SHCORE.dll
0x00007fff440e0000 - 0x00007fff4413e000 	C:\WINDOWS\System32\shlwapi.dll
0x00007fff42c80000 - 0x00007fff42ca1000 	C:\WINDOWS\SYSTEM32\profapi.dll
0x00007fff35c70000 - 0x00007fff35c89000 	C:\Users\Liladhar.Bodkhe\Downloads\sts-4.17.2.RELEASE\plugins\org.eclipse.justj.openjdk.hotspot.jre.full.win32.x86_64_17.0.6.v20230125-1136\jre\bin\net.dll
0x00007fff41a10000 - 0x00007fff41b47000 	C:\WINDOWS\SYSTEM32\WINHTTP.dll
0x00007fff41f90000 - 0x00007fff41ff9000 	C:\WINDOWS\system32\mswsock.dll
0x00007fff35c30000 - 0x00007fff35c45000 	C:\Users\Liladhar.Bodkhe\Downloads\sts-4.17.2.RELEASE\plugins\org.eclipse.justj.openjdk.hotspot.jre.full.win32.x86_64_17.0.6.v20230125-1136\jre\bin\nio.dll
0x00007fff3ba40000 - 0x00007fff3ba49000 	C:\Users\Liladhar.Bodkhe\Downloads\sts-4.17.2.RELEASE\plugins\org.eclipse.justj.openjdk.hotspot.jre.full.win32.x86_64_17.0.6.v20230125-1136\jre\bin\management.dll
0x00007fff3ba30000 - 0x00007fff3ba3b000 	C:\Users\Liladhar.Bodkhe\Downloads\sts-4.17.2.RELEASE\plugins\org.eclipse.justj.openjdk.hotspot.jre.full.win32.x86_64_17.0.6.v20230125-1136\jre\bin\management_ext.dll
0x00007fff44390000 - 0x00007fff44398000 	C:\WINDOWS\System32\PSAPI.DLL
0x00007fff34e20000 - 0x00007fff34e37000 	C:\WINDOWS\system32\napinsp.dll
0x00007fff34e40000 - 0x00007fff34e5b000 	C:\WINDOWS\system32\pnrpnsp.dll
0x00007fff41450000 - 0x00007fff41543000 	C:\WINDOWS\SYSTEM32\DNSAPI.dll
0x00007fff41420000 - 0x00007fff4144d000 	C:\WINDOWS\SYSTEM32\IPHLPAPI.DLL
0x00007fff440d0000 - 0x00007fff440d9000 	C:\WINDOWS\System32\NSI.dll
0x00007fff34ef0000 - 0x00007fff34f01000 	C:\WINDOWS\System32\winrnr.dll
0x00007fff3b700000 - 0x00007fff3b715000 	C:\WINDOWS\system32\wshbth.dll
0x00007fff34e60000 - 0x00007fff34e81000 	C:\WINDOWS\system32\nlansp_c.dll
0x00007fff396c0000 - 0x00007fff396ca000 	C:\Windows\System32\rasadhlp.dll
0x00007fff3b3c0000 - 0x00007fff3b444000 	C:\WINDOWS\System32\fwpuclnt.dll
0x00007fff423d0000 - 0x00007fff423eb000 	C:\WINDOWS\SYSTEM32\CRYPTSP.dll
0x00007fff41960000 - 0x00007fff41995000 	C:\WINDOWS\system32\rsaenh.dll
0x00007fff42030000 - 0x00007fff42058000 	C:\WINDOWS\SYSTEM32\USERENV.dll
0x00007fff42410000 - 0x00007fff42438000 	C:\WINDOWS\SYSTEM32\bcrypt.dll
0x00007fff42280000 - 0x00007fff4228c000 	C:\WINDOWS\SYSTEM32\CRYPTBASE.dll
0x00007fff3dc20000 - 0x00007fff3dc39000 	C:\WINDOWS\SYSTEM32\dhcpcsvc6.DLL
0x00007fff3daa0000 - 0x00007fff3dabf000 	C:\WINDOWS\SYSTEM32\dhcpcsvc.DLL
0x00007fff3bb00000 - 0x00007fff3bb10000 	C:\Users\Liladhar.Bodkhe\Downloads\sts-4.17.2.RELEASE\plugins\org.eclipse.justj.openjdk.hotspot.jre.full.win32.x86_64_17.0.6.v20230125-1136\jre\bin\verify.dll
0x00007fff3b9b0000 - 0x00007fff3b9be000 	C:\Users\Liladhar.Bodkhe\Downloads\sts-4.17.2.RELEASE\plugins\org.eclipse.justj.openjdk.hotspot.jre.full.win32.x86_64_17.0.6.v20230125-1136\jre\bin\sunmscapi.dll
0x00007fff433b0000 - 0x00007fff43517000 	C:\WINDOWS\System32\CRYPT32.dll
0x00007fff42250000 - 0x00007fff4227e000 	C:\WINDOWS\SYSTEM32\ncrypt.dll
0x00007fff42210000 - 0x00007fff42247000 	C:\WINDOWS\SYSTEM32\NTASN1.dll
0x00007fff07dc0000 - 0x00007fff07dc8000 	C:\WINDOWS\system32\wshunix.dll

dbghelp: loaded successfully - version: 4.0.5 - missing functions: none
symbol engine: initialized successfully - sym options: 0x614 - pdb path: .;C:\Users\Liladhar.Bodkhe\Downloads\sts-4.17.2.RELEASE\plugins\org.eclipse.justj.openjdk.hotspot.jre.full.win32.x86_64_17.0.6.v20230125-1136\jre\bin;C:\WINDOWS\SYSTEM32;C:\Program Files\SentinelOne\Sentinel Agent 22.3.4.612;C:\WINDOWS\WinSxS\amd64_microsoft.windows.common-controls_6595b64144ccf1df_6.0.22621.1635_none_270f70857386168e;C:\Users\Liladhar.Bodkhe\Downloads\sts-4.17.2.RELEASE\plugins\org.eclipse.justj.openjdk.hotspot.jre.full.win32.x86_64_17.0.6.v20230125-1136\jre\bin\server

VM Arguments:
jvm_args: -Dcom.sun.management.jmxremote -Dcom.sun.management.jmxremote.port=55116 -Dcom.sun.management.jmxremote.authenticate=false -Dcom.sun.management.jmxremote.ssl=false -Djava.rmi.server.hostname=localhost -Dspring.jmx.enabled=true -Dmanagement.endpoints.jmx.exposure.include=* -Dspring.application.admin.enabled=true -XX:TieredStopAtLevel=1 -Dspring.boot.project.name=documentweb -Dfile.encoding=UTF-8 -XX:+ShowCodeDetailsInExceptionMessages -agentpath:C:\Program Files\SentinelOne\Sentinel Agent 22.3.4.612\SentinelJava64.dll 
java_command: com.liladhar.document.DocumentwebApplication --spring.output.ansi.enabled=always
java_class_path (initial): C:\Users\Liladhar.Bodkhe\Documents\workspace-spring-tool-suite-4-4.17.2.RELEASE\documentweb\target\classes;C:\Users\Liladhar.Bodkhe\.m2\repository\org\springframework\boot\spring-boot-starter-data-jpa\2.7.11\spring-boot-starter-data-jpa-2.7.11.jar;C:\Users\Liladhar.Bodkhe\.m2\repository\org\springframework\boot\spring-boot-starter-aop\2.7.11\spring-boot-starter-aop-2.7.11.jar;C:\Users\Liladhar.Bodkhe\.m2\repository\org\springframework\spring-aop\5.3.27\spring-aop-5.3.27.jar;C:\Users\Liladhar.Bodkhe\.m2\repository\org\aspectj\aspectjweaver\1.9.7\aspectjweaver-1.9.7.jar;C:\Users\Liladhar.Bodkhe\.m2\repository\org\springframework\boot\spring-boot-starter-jdbc\2.7.11\spring-boot-starter-jdbc-2.7.11.jar;C:\Users\Liladhar.Bodkhe\.m2\repository\com\zaxxer\HikariCP\4.0.3\HikariCP-4.0.3.jar;C:\Users\Liladhar.Bodkhe\.m2\repository\org\springframework\spring-jdbc\5.3.27\spring-jdbc-5.3.27.jar;C:\Users\Liladhar.Bodkhe\.m2\repository\jakarta\transaction\jakarta.transaction-api\1.3.3\jakarta.transaction-api-1.3.3.jar;C:\Users\Liladhar.Bodkhe\.m2\repository\jakarta\persistence\jakarta.persistence-api\2.2.3\jakarta.persistence-api-2.2.3.jar;C:\Users\Liladhar.Bodkhe\.m2\repository\org\hibernate\hibernate-core\5.6.15.Final\hibernate-core-5.6.15.Final.jar;C:\Users\Liladhar.Bodkhe\.m2\repository\org\jboss\logging\jboss-logging\3.4.3.Final\jboss-logging-3.4.3.Final.jar;C:\Users\Liladhar.Bodkhe\.m2\repository\net\bytebuddy\byte-buddy\1.12.23\byte-buddy-1.12.23.jar;C:\Users\Liladhar.Bodkhe\.m2\repository\antlr\antlr\2.7.7\antlr-2.7.7.jar;C:\Users\Liladhar.Bodkhe\.m2\repository\org\jboss\jandex\2.4.2.Final\jandex-2.4.2.Final.jar;C:\Users\Liladhar.Bodkhe\.m2\repository\com\fasterxml\classmate\1.5.1\classmate-1.5.1.jar;C:\Users\Liladhar.Bodkhe\.m2\repository\org\hibernate\common\hibernate-commons-annotations\5.1.2.Final\hibernate-commons-annotations-5.1.2.Final.jar;C:\Users\Liladhar.Bodkhe\.m2\repository\org\glassfish\jaxb\jaxb-runtime\2.3.8\jaxb-runtime-2.3.8.ja
Launcher Type: SUN_STANDARD

[Global flags]
     intx CICompilerCount                          = 4                                         {product} {ergonomic}
     uint ConcGCThreads                            = 2                                         {product} {ergonomic}
     uint G1ConcRefinementThreads                  = 8                                         {product} {ergonomic}
   size_t G1HeapRegionSize                         = 2097152                                   {product} {ergonomic}
    uintx GCDrainStackTargetSize                   = 64                                        {product} {ergonomic}
   size_t InitialHeapSize                          = 268435456                                 {product} {ergonomic}
     bool ManagementServer                         = true                                      {product} {command line}
   size_t MarkStackSize                            = 4194304                                   {product} {ergonomic}
   size_t MaxHeapSize                              = 4263510016                                {product} {ergonomic}
   size_t MaxNewSize                               = 2556428288                                {product} {ergonomic}
   size_t MinHeapDeltaBytes                        = 2097152                                   {product} {ergonomic}
   size_t MinHeapSize                              = 8388608                                   {product} {ergonomic}
    uintx NonProfiledCodeHeapSize                  = 0                                      {pd product} {ergonomic}
     bool ProfileInterpreter                       = false                                  {pd product} {command line}
    uintx ProfiledCodeHeapSize                     = 0                                      {pd product} {ergonomic}
     bool ShowCodeDetailsInExceptionMessages       = true                                   {manageable} {command line}
   size_t SoftMaxHeapSize                          = 4263510016                             {manageable} {ergonomic}
     intx TieredStopAtLevel                        = 1                                         {product} {command line}
     bool UseCompressedClassPointers               = true                           {product lp64_product} {ergonomic}
     bool UseCompressedOops                        = true                           {product lp64_product} {ergonomic}
     bool UseG1GC                                  = true                                      {product} {ergonomic}
     bool UseLargePagesIndividualAllocation        = false                                  {pd product} {ergonomic}

Logging:
Log output configuration:
 #0: stdout all=warning uptime,level,tags
 #1: stderr all=off uptime,level,tags

Environment Variables:
PATH=C:/Users/Liladhar.Bodkhe/Downloads/sts-4.17.2.RELEASE//plugins/org.eclipse.justj.openjdk.hotspot.jre.full.win32.x86_64_17.0.6.v20230125-1136/jre/bin/server;C:/Users/Liladhar.Bodkhe/Downloads/sts-4.17.2.RELEASE//plugins/org.eclipse.justj.openjdk.hotspot.jre.full.win32.x86_64_17.0.6.v20230125-1136/jre/bin;C:\Program Files\Common Files\Oracle\Java\javapath;C:\WINDOWS\system32;C:\WINDOWS;C:\WINDOWS\System32\Wbem;C:\WINDOWS\System32\WindowsPowerShell\v1.0\;C:\WINDOWS\System32\OpenSSH\;C:\Program Files\dotnet\;C:\Program Files (x86)\Microsoft SQL Server\160\DTS\Binn\;C:\Program Files\Azure Data Studio\bin;C:\Program Files (x86)\nodejs\;C:\Users\Liladhar.Bodkhe\AppData\Local\Microsoft\WindowsApps;C:\Users\Liladhar.Bodkhe\AppData\Local\Programs\Microsoft VS Code\bin;C:\Users\Liladhar.Bodkhe\AppData\Roaming\npm;C:\Users\Liladhar.Bodkhe\Downloads\sts-4.17.2.RELEASE;
USERNAME=Liladhar.Bodkhe
OS=Windows_NT
PROCESSOR_IDENTIFIER=Intel64 Family 6 Model 142 Stepping 12, GenuineIntel
TMP=C:\Users\LILADH~1.BOD\AppData\Local\Temp
TEMP=C:\Users\LILADH~1.BOD\AppData\Local\Temp



---------------  S Y S T E M  ---------------

OS:
 Windows 11 , 64 bit Build 22621 (10.0.22621.1635)
OS uptime: 7 days 0:02 hours
Hyper-V role detected

CPU: total 8 (initial active 8) (4 cores per cpu, 2 threads per core) family 6 model 142 stepping 12 microcode 0xf0, cx8, cmov, fxsr, ht, mmx, 3dnowpref, sse, sse2, sse3, ssse3, sse4.1, sse4.2, popcnt, lzcnt, tsc, tscinvbit, avx, avx2, aes, erms, clmul, bmi1, bmi2, adx, fma, vzeroupper, clflush, clflushopt, hv

Memory: 4k page, system-wide physical 16259M (3185M free)
TotalPageFile size 26499M (AvailPageFile size 9353M)
current process WorkingSet (physical memory assigned to process): 312M, peak: 316M
current process commit charge ("private bytes"): 347M, peak: 369M

vm_info: OpenJDK 64-Bit Server VM (17.0.6+10) for windows-amd64 JRE (17.0.6+10), built on Jan 18 2023 10:08:59 by "temurin" with MS VC++ 16.7 (VS2019)

END.
